#
# A fatal error has been detected by the Java Runtime Environment:
#
#  SIGSEGV (0xb) at pc=0x00007fff949b90dd, pid=844, tid=1811
#
# JRE version: Java(TM) SE Runtime Environment (8.0_65-b17) (build 1.8.0_65-b17)
# Java VM: Java HotSpot(TM) 64-Bit Server VM (25.65-b01 mixed mode bsd-amd64 compressed oops)
# Problematic frame:
# C  [libobjc.A.dylib+0x10dd]  objc_msgSend+0x1d
#
# Failed to write core dump. Core dumps have been disabled. To enable core dumping, try "ulimit -c unlimited" before starting Java again
#
# If you would like to submit a bug report, please visit:
#   http://bugreport.java.com/bugreport/crash.jsp
# The crash happened outside the Java Virtual Machine in native code.
# See problematic frame for where to report the bug.
#

---------------  T H R E A D  ---------------

Current thread (0x00007ffcac8bc800):  JavaThread "AppKit Thread" daemon [_thread_in_native, id=1811, stack(0x00007fff52124000,0x00007fff52924000)]

siginfo: si_signo: 11 (SIGSEGV), si_code: 1 (SEGV_MAPERR), si_addr: 0x000007ffcabf90f0

Registers:
RAX=0x00007ffcabf91200, RBX=0x00007fff5291f8c8, RCX=0x0000000000000000, RDX=0x00007ffcabfb08c0
RSP=0x00007fff5291f6e8, RBP=0x00007fff5291f6f0, RSI=0x00007fff8cd4341e, RDI=0x00007ffcabf91200
R8 =0x00007fff5291f6d0, R9 =0x0000000000000055, R10=0x00007fff8cd4341e, R11=0x000007ffcabf90d8
R12=0x00007ffcabd17d60, R13=0x00000000000f42ed, R14=0x00007ffcabccb540, R15=0x00007fff5291f828
RIP=0x00007fff949b90dd, EFLAGS=0x0000000000010206, ERR=0x0000000000000004
  TRAPNO=0x000000000000000e

Top of Stack: (sp=0x00007fff5291f6e8)
0x00007fff5291f6e8:   00007fff8d43445c 00007fff5291fa50
0x00007fff5291f6f8:   00007fff8d324634 00007fff5291f77c
0x00007fff5291f708:   00007fff5291f780 00007fff5291f784
0x00007fff5291f718:   00007fff78806e00 ffffffffffffffff
0x00007fff5291f728:   00000000000007f8 00007fff78806e18
0x00007fff5291f738:   00007ffcabccb540 0000000000000000
0x00007fff5291f748:   00007fff5291f820 0000000000000000
0x00007fff5291f758:   00007ffcabc69730 00007fff5291f8a0
0x00007fff5291f768:   0000000000000055 00000000000f42ef
0x00007fff5291f778:   00007ffcabfb08c0 00007ffcabc69160
0x00007fff5291f788:   00007ffcabd17d60 0000000000000001
0x00007fff5291f798:   00000000000f42ed 00007ffcabd17d50
0x00007fff5291f7a8:   00007fff8b05ac05 00000001abf8ce20
0x00007fff5291f7b8:   00007fff785230d0 0000000042000000
0x00007fff5291f7c8:   00007fff8b061e63 00007fff787d1240
0x00007fff5291f7d8:   00007fff5291f8a8 00007fff5291f800
0x00007fff5291f7e8:   00007fff5291f820 0000000000000000
0x00007fff5291f7f8:   0000000000000011 0002220300000001
0x00007fff5291f808:   00007ffcabd17d84 0000000000000000
0x00007fff5291f818:   0000000000000000 00007ffcabc697b0
0x00007fff5291f828:   00007ffcabccb540 0000002000000000
0x00007fff5291f838:   0000000000000000 00007fff785230d0
0x00007fff5291f848:   0000000042000000 00007fff8b0614f8
0x00007fff5291f858:   00007fff787d1350 00007fff5291f7b8
0x00007fff5291f868:   0000000000000000 00007fff5291f938
0x00007fff5291f878:   00007fff78ba0ea0 00007fff5291f970
0x00007fff5291f888:   00007fff88751770 00007fff5291f920
0x00007fff5291f898:   00007fff8c4774ed 0000000000000051
0x00007fff5291f8a8:   0000000000000000 00000000000f42e2
0x00007fff5291f8b8:   0000000000000053 0000000000000000
0x00007fff5291f8c8:   00000000000f42ed 00007fff5291f944
0x00007fff5291f8d8:   00000000003e2401 00000000ffffffff 

Instructions: (pc=0x00007fff949b90dd)
0x00007fff949b90bd:   00 00 00 48 85 ff 2e 74 7a 40 f6 c7 01 2e 75 7e
0x00007fff949b90cd:   49 bb f8 ff ff ff ff 7f 00 00 4c 23 1f 49 89 f2
0x00007fff949b90dd:   45 23 53 18 49 c1 e2 04 4d 03 53 10 49 3b 32 75
0x00007fff949b90ed:   04 41 ff 62 08 49 83 3a 00 74 6a 4d 3b 53 10 74 

Register to memory mapping:

RAX=0x00007ffcabf91200 is an unknown value
RBX=0x00007fff5291f8c8 is pointing into the stack for thread: 0x00007ffcac8bc800
RCX=0x0000000000000000 is an unknown value
RDX=0x00007ffcabfb08c0 is an unknown value
RSP=0x00007fff5291f6e8 is pointing into the stack for thread: 0x00007ffcac8bc800
RBP=0x00007fff5291f6f0 is pointing into the stack for thread: 0x00007ffcac8bc800
RSI=0x00007fff8cd4341e: -[NSTitlebarContainerView transparent]+0x5e312 in /System/Library/Frameworks/AppKit.framework/Versions/C/AppKit at 0x00007fff8c342000
RDI=0x00007ffcabf91200 is an unknown value
R8 =0x00007fff5291f6d0 is pointing into the stack for thread: 0x00007ffcac8bc800
R9 =0x0000000000000055 is an unknown value
R10=0x00007fff8cd4341e: -[NSTitlebarContainerView transparent]+0x5e312 in /System/Library/Frameworks/AppKit.framework/Versions/C/AppKit at 0x00007fff8c342000
R11=0x000007ffcabf90d8 is an unknown value
R12=0x00007ffcabd17d60 is an unknown value
R13=0x00000000000f42ed is an unknown value
R14=0x00007ffcabccb540 is an unknown value
R15=0x00007fff5291f828 is pointing into the stack for thread: 0x00007ffcac8bc800


Stack: [0x00007fff52124000,0x00007fff52924000],  sp=0x00007fff5291f6e8,  free space=8173k
Native frames: (J=compiled Java code, j=interpreted, Vv=VM code, C=native code)
C  [libobjc.A.dylib+0x10dd]  objc_msgSend+0x1d
C  [CoreFoundation+0x10634]  _CFXNotificationPost+0xc44
C  [Foundation+0x7aa1]  -[NSNotificationCenter postNotificationName:object:userInfo:]+0x42
C  [AppKit+0x439c2]  -[NSSurface _disposeSurface]+0x98
C  [AppKit+0x43426]  -[NSSurface setWindow:]+0x42
C  [AppKit+0x33910]  -[NSView _setWindow:]+0xa33
C  [AppKit+0x6af91]  -[NSView removeFromSuperview]+0x1c5
C  [AppKit+0x14bd99]  -[NSView removeFromSuperviewWithoutNeedingDisplay]+0x26
C  [liblwjgl.jnilib+0x9c3e]  +[MacOSXKeyableWindow destroyWindow]+0xde
C  [Foundation+0x92dd0]  __NSThreadPerformPerform+0x125
C  [CoreFoundation+0x80a01]  __CFRUNLOOP_IS_CALLING_OUT_TO_A_SOURCE0_PERFORM_FUNCTION__+0x11
C  [CoreFoundation+0x72b8d]  __CFRunLoopDoSources0+0x10d
C  [CoreFoundation+0x721bf]  __CFRunLoopRun+0x39f
C  [CoreFoundation+0x71bd8]  CFRunLoopRunSpecific+0x128
C  [HIToolbox+0x3256f]  RunCurrentEventLoopInMode+0xeb
C  [HIToolbox+0x322ea]  ReceiveNextEventCommon+0x1af
C  [HIToolbox+0x3212b]  _BlockUntilNextEventMatchingListInModeWithFilter+0x47
C  [AppKit+0x918ab]  _DPSNextEvent+0x3d2
C  [AppKit+0x90e58]  -[NSApplication nextEventMatchingMask:untilDate:inMode:dequeue:]+0x15a
C  [libosxapp.dylib+0x23aa]  -[NSApplicationAWT nextEventMatchingMask:untilDate:inMode:dequeue:]+0x7c
C  [AppKit+0x86af3]  -[NSApplication run]+0x252
C  [libosxapp.dylib+0x214d]  +[NSApplicationAWT runAWTLoopWithApp:]+0x9c
C  [libawt_lwawt.dylib+0x44517]  -[AWTStarter starter:]+0x389
C  [Foundation+0x92dd0]  __NSThreadPerformPerform+0x125
C  [CoreFoundation+0x80a01]  __CFRUNLOOP_IS_CALLING_OUT_TO_A_SOURCE0_PERFORM_FUNCTION__+0x11
C  [CoreFoundation+0x72b8d]  __CFRunLoopDoSources0+0x10d
C  [CoreFoundation+0x721bf]  __CFRunLoopRun+0x39f
C  [CoreFoundation+0x71bd8]  CFRunLoopRunSpecific+0x128
C  [java+0x6463]  CreateExecutionEnvironment+0x367
C  [java+0x21ac]  JLI_Launch+0x7a0
C  [java+0x84c0]  main+0x65
C  [java+0x1a04]  start+0x34
C  0x0000000000000006


---------------  P R O C E S S  ---------------

Java Threads: ( => current thread )
  0x00007ffcad0cf000 JavaThread "AWT-Shutdown" [_thread_blocked, id=24607, stack(0x0000000129270000,0x0000000129370000)]
=>0x00007ffcac8bc800 JavaThread "AppKit Thread" daemon [_thread_in_native, id=1811, stack(0x00007fff52124000,0x00007fff52924000)]
  0x00007ffcac876000 JavaThread "Thread-1" [_thread_in_native, id=19715, stack(0x00000001235ae000,0x00000001236ae000)]
  0x00007ffcac875800 JavaThread "Thread-0" [_thread_in_native, id=19203, stack(0x00000001234ab000,0x00000001235ab000)]
  0x00007ffcac806000 JavaThread "Service Thread" daemon [_thread_blocked, id=18179, stack(0x0000000123264000,0x0000000123364000)]
  0x00007ffcad03b000 JavaThread "C1 CompilerThread2" daemon [_thread_blocked, id=17667, stack(0x0000000123161000,0x0000000123261000)]
  0x00007ffcad03a800 JavaThread "C2 CompilerThread1" daemon [_thread_blocked, id=17155, stack(0x000000012305e000,0x000000012315e000)]
  0x00007ffcad811800 JavaThread "C2 CompilerThread0" daemon [_thread_blocked, id=16643, stack(0x0000000122f5b000,0x000000012305b000)]
  0x00007ffcad810800 JavaThread "Signal Dispatcher" daemon [_thread_blocked, id=12563, stack(0x0000000122e58000,0x0000000122f58000)]
  0x00007ffcad802800 JavaThread "Finalizer" daemon [_thread_blocked, id=11523, stack(0x0000000121430000,0x0000000121530000)]
  0x00007ffcad802000 JavaThread "Reference Handler" daemon [_thread_blocked, id=11011, stack(0x000000012132d000,0x000000012142d000)]
  0x00007ffcad801000 JavaThread "main" [_thread_in_native, id=4867, stack(0x000000010ec01000,0x000000010ed01000)]

Other Threads:
  0x00007ffcad037800 VMThread [stack: 0x000000012122a000,0x000000012132a000] [id=10499]
  0x00007ffcad807000 WatcherThread [stack: 0x0000000123367000,0x0000000123467000] [id=18691]

VM state:not at safepoint (normal execution)

VM Mutex/Monitor currently owned by a thread: None

Heap:
 PSYoungGen      total 11776K, used 6007K [0x00000007b5580000, 0x00000007b6500000, 0x00000007c0000000)
  eden space 8704K, 67% used [0x00000007b5580000,0x00000007b5b3dfe0,0x00000007b5e00000)
  from space 3072K, 4% used [0x00000007b6200000,0x00000007b6220000,0x00000007b6500000)
  to   space 3584K, 0% used [0x00000007b5e00000,0x00000007b5e00000,0x00000007b6180000)
 ParOldGen       total 23552K, used 2599K [0x00000007a0000000, 0x00000007a1700000, 0x00000007b5580000)
  object space 23552K, 11% used [0x00000007a0000000,0x00000007a0289ec8,0x00000007a1700000)
 Metaspace       used 7929K, capacity 8103K, committed 8320K, reserved 1056768K
  class space    used 794K, capacity 858K, committed 896K, reserved 1048576K

Card table byte_map: [0x000000011e0c3000,0x000000011e1c4000] byte_map_base: 0x000000011a3c3000

Marking Bits: (ParMarkBitMap*) 0x000000010dcb9e20
 Begin Bits: [0x000000011e67b000, 0x000000011ee7b000)
 End Bits:   [0x000000011ee7b000, 0x000000011f67b000)

Polling page: 0x000000010e3be000

CodeCache: size=245760Kb used=4244Kb max_used=4256Kb free=241515Kb
 bounds [0x000000010ed03000, 0x000000010f133000, 0x000000011dd03000]
 total_blobs=1473 nmethods=1056 adapters=331
 compilation: enabled

Compilation events (10 events):
Event: 17.375 Thread 0x00007ffcad03b000 1052   !   3       sun.awt.AWTAutoShutdown::setToolkitBusy (124 bytes)
Event: 17.376 Thread 0x00007ffcad03b000 nmethod 1052 0x000000010f128490 code [0x000000010f128660, 0x000000010f128ee8]
Event: 17.774 Thread 0x00007ffcad811800 1054       4       java.util.HashMap$HashIterator::hasNext (13 bytes)
Event: 17.775 Thread 0x00007ffcad811800 nmethod 1054 0x000000010f124290 code [0x000000010f1243e0, 0x000000010f124458]
Event: 17.908 Thread 0x00007ffcad03a800 1055       4       java.nio.HeapByteBuffer::compact (52 bytes)
Event: 17.914 Thread 0x00007ffcad03a800 nmethod 1055 0x000000010f12a4d0 code [0x000000010f12a640, 0x000000010f12a858]
Event: 17.962 Thread 0x00007ffcad811800 1056       4       org.newdawn.slick.geom.Line::<init> (99 bytes)
Event: 17.972 Thread 0x00007ffcad811800 nmethod 1056 0x000000010f129450 code [0x000000010f129680, 0x000000010f129dd8]
Event: 18.216 Thread 0x00007ffcad03a800 1057       4       java.nio.DirectByteBuffer::put (18 bytes)
Event: 18.217 Thread 0x00007ffcad03a800 nmethod 1057 0x000000010f12c750 code [0x000000010f12c8a0, 0x000000010f12c958]

GC Heap History (10 events):
Event: 12.616 GC heap before
{Heap before GC invocations=9 (full 1):
 PSYoungGen      total 13312K, used 8832K [0x00000007b5580000, 0x00000007b6700000, 0x00000007c0000000)
  eden space 8704K, 100% used [0x00000007b5580000,0x00000007b5e00000,0x00000007b5e00000)
  from space 4608K, 2% used [0x00000007b5e00000,0x00000007b5e20000,0x00000007b6280000)
  to   space 4608K, 0% used [0x00000007b6280000,0x00000007b6280000,0x00000007b6700000)
 ParOldGen       total 23552K, used 2591K [0x00000007a0000000, 0x00000007a1700000, 0x00000007b5580000)
  object space 23552K, 11% used [0x00000007a0000000,0x00000007a0287ec8,0x00000007a1700000)
 Metaspace       used 7913K, capacity 8103K, committed 8320K, reserved 1056768K
  class space    used 794K, capacity 858K, committed 896K, reserved 1048576K
Event: 12.617 GC heap after
Heap after GC invocations=9 (full 1):
 PSYoungGen      total 12288K, used 96K [0x00000007b5580000, 0x00000007b6600000, 0x00000007c0000000)
  eden space 8704K, 0% used [0x00000007b5580000,0x00000007b5580000,0x00000007b5e00000)
  from space 3584K, 2% used [0x00000007b6280000,0x00000007b6298000,0x00000007b6600000)
  to   space 4096K, 0% used [0x00000007b5e00000,0x00000007b5e00000,0x00000007b6200000)
 ParOldGen       total 23552K, used 2599K [0x00000007a0000000, 0x00000007a1700000, 0x00000007b5580000)
  object space 23552K, 11% used [0x00000007a0000000,0x00000007a0289ec8,0x00000007a1700000)
 Metaspace       used 7913K, capacity 8103K, committed 8320K, reserved 1056768K
  class space    used 794K, capacity 858K, committed 896K, reserved 1048576K
}
Event: 13.819 GC heap before
{Heap before GC invocations=10 (full 1):
 PSYoungGen      total 12288K, used 8800K [0x00000007b5580000, 0x00000007b6600000, 0x00000007c0000000)
  eden space 8704K, 100% used [0x00000007b5580000,0x00000007b5e00000,0x00000007b5e00000)
  from space 3584K, 2% used [0x00000007b6280000,0x00000007b6298000,0x00000007b6600000)
  to   space 4096K, 0% used [0x00000007b5e00000,0x00000007b5e00000,0x00000007b6200000)
 ParOldGen       total 23552K, used 2599K [0x00000007a0000000, 0x00000007a1700000, 0x00000007b5580000)
  object space 23552K, 11% used [0x00000007a0000000,0x00000007a0289ec8,0x00000007a1700000)
 Metaspace       used 7915K, capacity 8103K, committed 8320K, reserved 1056768K
  class space    used 794K, capacity 858K, committed 896K, reserved 1048576K
Event: 13.820 GC heap after
Heap after GC invocations=10 (full 1):
 PSYoungGen      total 12800K, used 96K [0x00000007b5580000, 0x00000007b6600000, 0x00000007c0000000)
  eden space 8704K, 0% used [0x00000007b5580000,0x00000007b5580000,0x00000007b5e00000)
  from space 4096K, 2% used [0x00000007b5e00000,0x00000007b5e18000,0x00000007b6200000)
  to   space 4096K, 0% used [0x00000007b6200000,0x00000007b6200000,0x00000007b6600000)
 ParOldGen       total 23552K, used 2599K [0x00000007a0000000, 0x00000007a1700000, 0x00000007b5580000)
  object space 23552K, 11% used [0x00000007a0000000,0x00000007a0289ec8,0x00000007a1700000)
 Metaspace       used 7915K, capacity 8103K, committed 8320K, reserved 1056768K
  class space    used 794K, capacity 858K, committed 896K, reserved 1048576K
}
Event: 15.004 GC heap before
{Heap before GC invocations=11 (full 1):
 PSYoungGen      total 12800K, used 8800K [0x00000007b5580000, 0x00000007b6600000, 0x00000007c0000000)
  eden space 8704K, 100% used [0x00000007b5580000,0x00000007b5e00000,0x00000007b5e00000)
  from space 4096K, 2% used [0x00000007b5e00000,0x00000007b5e18000,0x00000007b6200000)
  to   space 4096K, 0% used [0x00000007b6200000,0x00000007b6200000,0x00000007b6600000)
 ParOldGen       total 23552K, used 2599K [0x00000007a0000000, 0x00000007a1700000, 0x00000007b5580000)
  object space 23552K, 11% used [0x00000007a0000000,0x00000007a0289ec8,0x00000007a1700000)
 Metaspace       used 7915K, capacity 8103K, committed 8320K, reserved 1056768K
  class space    used 794K, capacity 858K, committed 896K, reserved 1048576K
Event: 15.004 GC heap after
Heap after GC invocations=11 (full 1):
 PSYoungGen      total 12800K, used 96K [0x00000007b5580000, 0x00000007b6600000, 0x00000007c0000000)
  eden space 8704K, 0% used [0x00000007b5580000,0x00000007b5580000,0x00000007b5e00000)
  from space 4096K, 2% used [0x00000007b6200000,0x00000007b6218000,0x00000007b6600000)
  to   space 4096K, 0% used [0x00000007b5e00000,0x00000007b5e00000,0x00000007b6200000)
 ParOldGen       total 23552K, used 2599K [0x00000007a0000000, 0x00000007a1700000, 0x00000007b5580000)
  object space 23552K, 11% used [0x00000007a0000000,0x00000007a0289ec8,0x00000007a1700000)
 Metaspace       used 7915K, capacity 8103K, committed 8320K, reserved 1056768K
  class space    used 794K, capacity 858K, committed 896K, reserved 1048576K
}
Event: 16.191 GC heap before
{Heap before GC invocations=12 (full 1):
 PSYoungGen      total 12800K, used 8800K [0x00000007b5580000, 0x00000007b6600000, 0x00000007c0000000)
  eden space 8704K, 100% used [0x00000007b5580000,0x00000007b5e00000,0x00000007b5e00000)
  from space 4096K, 2% used [0x00000007b6200000,0x00000007b6218000,0x00000007b6600000)
  to   space 4096K, 0% used [0x00000007b5e00000,0x00000007b5e00000,0x00000007b6200000)
 ParOldGen       total 23552K, used 2599K [0x00000007a0000000, 0x00000007a1700000, 0x00000007b5580000)
  object space 23552K, 11% used [0x00000007a0000000,0x00000007a0289ec8,0x00000007a1700000)
 Metaspace       used 7917K, capacity 8103K, committed 8320K, reserved 1056768K
  class space    used 794K, capacity 858K, committed 896K, reserved 1048576K
Event: 16.192 GC heap after
Heap after GC invocations=12 (full 1):
 PSYoungGen      total 12800K, used 160K [0x00000007b5580000, 0x00000007b6600000, 0x00000007c0000000)
  eden space 8704K, 0% used [0x00000007b5580000,0x00000007b5580000,0x00000007b5e00000)
  from space 4096K, 3% used [0x00000007b5e00000,0x00000007b5e28000,0x00000007b6200000)
  to   space 4096K, 0% used [0x00000007b6200000,0x00000007b6200000,0x00000007b6600000)
 ParOldGen       total 23552K, used 2599K [0x00000007a0000000, 0x00000007a1700000, 0x00000007b5580000)
  object space 23552K, 11% used [0x00000007a0000000,0x00000007a0289ec8,0x00000007a1700000)
 Metaspace       used 7917K, capacity 8103K, committed 8320K, reserved 1056768K
  class space    used 794K, capacity 858K, committed 896K, reserved 1048576K
}
Event: 17.407 GC heap before
{Heap before GC invocations=13 (full 1):
 PSYoungGen      total 12800K, used 8864K [0x00000007b5580000, 0x00000007b6600000, 0x00000007c0000000)
  eden space 8704K, 100% used [0x00000007b5580000,0x00000007b5e00000,0x00000007b5e00000)
  from space 4096K, 3% used [0x00000007b5e00000,0x00000007b5e28000,0x00000007b6200000)
  to   space 4096K, 0% used [0x00000007b6200000,0x00000007b6200000,0x00000007b6600000)
 ParOldGen       total 23552K, used 2599K [0x00000007a0000000, 0x00000007a1700000, 0x00000007b5580000)
  object space 23552K, 11% used [0x00000007a0000000,0x00000007a0289ec8,0x00000007a1700000)
 Metaspace       used 7923K, capacity 8103K, committed 8320K, reserved 1056768K
  class space    used 794K, capacity 858K, committed 896K, reserved 1048576K
Event: 17.409 GC heap after
Heap after GC invocations=13 (full 1):
 PSYoungGen      total 11776K, used 128K [0x00000007b5580000, 0x00000007b6500000, 0x00000007c0000000)
  eden space 8704K, 0% used [0x00000007b5580000,0x00000007b5580000,0x00000007b5e00000)
  from space 3072K, 4% used [0x00000007b6200000,0x00000007b6220000,0x00000007b6500000)
  to   space 3584K, 0% used [0x00000007b5e00000,0x00000007b5e00000,0x00000007b6180000)
 ParOldGen       total 23552K, used 2599K [0x00000007a0000000, 0x00000007a1700000, 0x00000007b5580000)
  object space 23552K, 11% used [0x00000007a0000000,0x00000007a0289ec8,0x00000007a1700000)
 Metaspace       used 7923K, capacity 8103K, committed 8320K, reserved 1056768K
  class space    used 794K, capacity 858K, committed 896K, reserved 1048576K
}

Deoptimization events (10 events):
Event: 6.284 Thread 0x00007ffcac875800 Uncommon trap: reason=unstable_if action=reinterpret pc=0x000000010eff11c8 method=org.newdawn.slick.openal.OggInputStream.readPCM()V @ 63
Event: 6.284 Thread 0x00007ffcac875800 Uncommon trap: reason=unstable_if action=reinterpret pc=0x000000010efd8d94 method=org.newdawn.slick.openal.OggInputStream.atEnd()Z @ 4
Event: 6.284 Thread 0x00007ffcac875800 Uncommon trap: reason=unstable_if action=reinterpret pc=0x000000010efe10b8 method=org.newdawn.slick.openal.OggInputStream.atEnd()Z @ 4
Event: 6.436 Thread 0x00007ffcac875800 Uncommon trap: reason=unstable_if action=reinterpret pc=0x000000010efe33d8 method=java.nio.Bits.copyFromArray(Ljava/lang/Object;JJJJ)V @ 18
Event: 15.320 Thread 0x00007ffcac875800 Uncommon trap: reason=class_check action=maybe_recompile pc=0x000000010f05c47c method=org.newdawn.slick.geom.Shape.checkPoints()V @ 8
Event: 15.320 Thread 0x00007ffcac875800 Uncommon trap: reason=class_check action=maybe_recompile pc=0x000000010f05c47c method=org.newdawn.slick.geom.Shape.checkPoints()V @ 8
Event: 15.323 Thread 0x00007ffcac875800 Uncommon trap: reason=class_check action=maybe_recompile pc=0x000000010f05c47c method=org.newdawn.slick.geom.Shape.checkPoints()V @ 8
Event: 15.324 Thread 0x00007ffcac875800 Uncommon trap: reason=unstable_if action=reinterpret pc=0x000000010f056440 method=org.newdawn.slick.geom.Shape.calculateRadius()V @ 83
Event: 15.324 Thread 0x00007ffcac875800 Uncommon trap: reason=unstable_if action=reinterpret pc=0x000000010f09e2c8 method=org.newdawn.slick.geom.NeatTriangulator.addPolyPoint(FF)V @ 18
Event: 15.324 Thread 0x00007ffcac875800 Uncommon trap: reason=unstable_if action=reinterpret pc=0x000000010f05d5fc method=org.newdawn.slick.geom.NeatTriangulator.addPolyPoint(FF)V @ 18

Internal exceptions (10 events):
Event: 1.327 Thread 0x00007ffcac875800 Exception <a 'java/io/FileNotFoundException'> (0x00000007b59b3630) thrown at [/Users/java_re/workspace/8-2-build-macosx-x86_64/jdk8u65/4987/hotspot/src/share/vm/prims/jni.cpp, line 709]
Event: 1.327 Thread 0x00007ffcac875800 Exception <a 'java/io/FileNotFoundException'> (0x00000007b59b4178) thrown at [/Users/java_re/workspace/8-2-build-macosx-x86_64/jdk8u65/4987/hotspot/src/share/vm/prims/jni.cpp, line 709]
Event: 1.359 Thread 0x00007ffcac875800 Exception <a 'java/lang/UnsatisfiedLinkError'> (0x00000007b59f87b8) thrown at [/Users/java_re/workspace/8-2-build-macosx-x86_64/jdk8u65/4987/hotspot/src/share/vm/prims/jvm.cpp, line 1390]
Event: 2.264 Thread 0x00007ffcac875800 Exception <a 'java/security/PrivilegedActionException'> (0x00000007b590d1f0) thrown at [/Users/java_re/workspace/8-2-build-macosx-x86_64/jdk8u65/4987/hotspot/src/share/vm/prims/jvm.cpp, line 1386]
Event: 2.264 Thread 0x00007ffcac875800 Exception <a 'java/security/PrivilegedActionException'> (0x00000007b590edd8) thrown at [/Users/java_re/workspace/8-2-build-macosx-x86_64/jdk8u65/4987/hotspot/src/share/vm/prims/jvm.cpp, line 1386]
Event: 2.264 Thread 0x00007ffcac875800 Exception <a 'java/security/PrivilegedActionException'> (0x00000007b590fef8) thrown at [/Users/java_re/workspace/8-2-build-macosx-x86_64/jdk8u65/4987/hotspot/src/share/vm/prims/jvm.cpp, line 1386]
Event: 2.265 Thread 0x00007ffcac875800 Exception <a 'java/security/PrivilegedActionException'> (0x00000007b5915018) thrown at [/Users/java_re/workspace/8-2-build-macosx-x86_64/jdk8u65/4987/hotspot/src/share/vm/prims/jvm.cpp, line 1386]
Event: 2.265 Thread 0x00007ffcac875800 Exception <a 'java/security/PrivilegedActionException'> (0x00000007b5915c70) thrown at [/Users/java_re/workspace/8-2-build-macosx-x86_64/jdk8u65/4987/hotspot/src/share/vm/prims/jvm.cpp, line 1386]
Event: 2.265 Thread 0x00007ffcac875800 Exception <a 'java/security/PrivilegedActionException'> (0x00000007b5916898) thrown at [/Users/java_re/workspace/8-2-build-macosx-x86_64/jdk8u65/4987/hotspot/src/share/vm/prims/jvm.cpp, line 1386]
Event: 6.206 Thread 0x00007ffcac875800 Implicit null exception at 0x000000010eff7f28 to 0x000000010effa005

Events (10 events):
Event: 15.967 Thread 0x00007ffcad0cf000 Thread exited: 0x00007ffcad0cf000
Event: 16.191 Executing VM operation: ParallelGCFailedAllocation
Event: 16.193 Executing VM operation: ParallelGCFailedAllocation done
Event: 16.193 Executing VM operation: RevokeBias
Event: 16.193 Executing VM operation: RevokeBias done
Event: 16.563 Thread 0x00007ffcad0cf000 Thread added: 0x00007ffcad0cf000
Event: 17.407 Executing VM operation: ParallelGCFailedAllocation
Event: 17.409 Executing VM operation: ParallelGCFailedAllocation done
Event: 18.214 loading class org/lwjgl/opengl/CallbackUtil
Event: 18.214 loading class org/lwjgl/opengl/CallbackUtil done


Dynamic libraries:
0x00000000080f3000 	/System/Library/Frameworks/Cocoa.framework/Versions/A/Cocoa
0x00000000080f3000 	/System/Library/Frameworks/Security.framework/Versions/A/Security
0x00000000080f3000 	/System/Library/Frameworks/ApplicationServices.framework/Versions/A/ApplicationServices
0x00000000080f3000 	/usr/lib/libz.1.dylib
0x00000000080f3000 	/usr/lib/libSystem.B.dylib
0x00000000080f3000 	/usr/lib/libobjc.A.dylib
0x00000000080f3000 	/System/Library/Frameworks/CoreFoundation.framework/Versions/A/CoreFoundation
0x00000000080f3000 	/System/Library/Frameworks/Foundation.framework/Versions/C/Foundation
0x00000000080f3000 	/System/Library/Frameworks/AppKit.framework/Versions/C/AppKit
0x00000000080f3000 	/System/Library/Frameworks/CoreData.framework/Versions/A/CoreData
0x00000000080f3000 	/System/Library/PrivateFrameworks/RemoteViewServices.framework/Versions/A/RemoteViewServices
0x00000000080f3000 	/System/Library/PrivateFrameworks/UIFoundation.framework/Versions/A/UIFoundation
0x00000000080f3000 	/System/Library/Frameworks/IOSurface.framework/Versions/A/IOSurface
0x00000000080f3000 	/System/Library/Frameworks/AudioToolbox.framework/Versions/A/AudioToolbox
0x00000000080f3000 	/System/Library/Frameworks/AudioUnit.framework/Versions/A/AudioUnit
0x00000000080f3000 	/System/Library/PrivateFrameworks/DataDetectorsCore.framework/Versions/A/DataDetectorsCore
0x00000000080f3000 	/System/Library/PrivateFrameworks/DesktopServicesPriv.framework/Versions/A/DesktopServicesPriv
0x00000000080f3000 	/System/Library/Frameworks/Carbon.framework/Versions/A/Frameworks/HIToolbox.framework/Versions/A/HIToolbox
0x00000000080f3000 	/System/Library/Frameworks/QuartzCore.framework/Versions/A/QuartzCore
0x00000000080f3000 	/System/Library/Frameworks/Carbon.framework/Versions/A/Frameworks/SpeechRecognition.framework/Versions/A/SpeechRecognition
0x00000000080f3000 	/usr/lib/libauto.dylib
0x00000000080f3000 	/usr/lib/libicucore.A.dylib
0x00000000080f3000 	/usr/lib/libxml2.2.dylib
0x00000000080f3000 	/System/Library/PrivateFrameworks/CoreUI.framework/Versions/A/CoreUI
0x00000000080f3000 	/System/Library/Frameworks/CoreAudio.framework/Versions/A/CoreAudio
0x00000000080f3000 	/System/Library/Frameworks/DiskArbitration.framework/Versions/A/DiskArbitration
0x00000000080f3000 	/usr/lib/liblangid.dylib
0x00000000080f3000 	/System/Library/PrivateFrameworks/MultitouchSupport.framework/Versions/A/MultitouchSupport
0x00000000080f3000 	/System/Library/Frameworks/IOKit.framework/Versions/A/IOKit
0x00000000080f3000 	/usr/lib/libDiagnosticMessagesClient.dylib
0x00000000080f3000 	/System/Library/Frameworks/CoreServices.framework/Versions/A/CoreServices
0x00000000080f3000 	/System/Library/PrivateFrameworks/PerformanceAnalysis.framework/Versions/A/PerformanceAnalysis
0x00000000080f3000 	/System/Library/PrivateFrameworks/GenerationalStorage.framework/Versions/A/GenerationalStorage
0x00000000080f3000 	/System/Library/Frameworks/OpenGL.framework/Versions/A/OpenGL
0x00000000080f3000 	/System/Library/PrivateFrameworks/Sharing.framework/Versions/A/Sharing
0x00000000080f3000 	/System/Library/Frameworks/CoreGraphics.framework/Versions/A/CoreGraphics
0x00000000080f3000 	/System/Library/Frameworks/CoreText.framework/Versions/A/CoreText
0x00000000080f3000 	/System/Library/Frameworks/ImageIO.framework/Versions/A/ImageIO
0x00000000080f3000 	/usr/lib/libextension.dylib
0x00000000080f3000 	/System/Library/PrivateFrameworks/Backup.framework/Versions/A/Backup
0x00000000080f3000 	/usr/lib/libarchive.2.dylib
0x00000000080f3000 	/System/Library/Frameworks/CFNetwork.framework/Versions/A/CFNetwork
0x00000000080f3000 	/System/Library/Frameworks/SystemConfiguration.framework/Versions/A/SystemConfiguration
0x00000000080f3000 	/usr/lib/libCRFSuite.dylib
0x00000000080f3000 	/usr/lib/libc++.1.dylib
0x00000000080f3000 	/usr/lib/libc++abi.dylib
0x00000000080f3000 	/usr/lib/system/libcache.dylib
0x00000000080f3000 	/usr/lib/system/libcommonCrypto.dylib
0x00000000080f3000 	/usr/lib/system/libcompiler_rt.dylib
0x00000000080f3000 	/usr/lib/system/libcopyfile.dylib
0x00000000080f3000 	/usr/lib/system/libcorecrypto.dylib
0x00000000080f3000 	/usr/lib/system/libdispatch.dylib
0x00000000080f3000 	/usr/lib/system/libdyld.dylib
0x00000000080f3000 	/usr/lib/system/libkeymgr.dylib
0x00000000080f3000 	/usr/lib/system/liblaunch.dylib
0x00000000080f3000 	/usr/lib/system/libmacho.dylib
0x00000000080f3000 	/usr/lib/system/libquarantine.dylib
0x00000000080f3000 	/usr/lib/system/libremovefile.dylib
0x00000000080f3000 	/usr/lib/system/libsystem_asl.dylib
0x00000000080f3000 	/usr/lib/system/libsystem_blocks.dylib
0x00000000080f3000 	/usr/lib/system/libsystem_c.dylib
0x00000000080f3000 	/usr/lib/system/libsystem_configuration.dylib
0x00000000080f3000 	/usr/lib/system/libsystem_coreservices.dylib
0x00000000080f3000 	/usr/lib/system/libsystem_coretls.dylib
0x00000000080f3000 	/usr/lib/system/libsystem_dnssd.dylib
0x00000000080f3000 	/usr/lib/system/libsystem_info.dylib
0x00000000080f3000 	/usr/lib/system/libsystem_kernel.dylib
0x00000000080f3000 	/usr/lib/system/libsystem_m.dylib
0x00000000080f3000 	/usr/lib/system/libsystem_malloc.dylib
0x00000000080f3000 	/usr/lib/system/libsystem_network.dylib
0x00000000080f3000 	/usr/lib/system/libsystem_networkextension.dylib
0x00000000080f3000 	/usr/lib/system/libsystem_notify.dylib
0x00000000080f3000 	/usr/lib/system/libsystem_platform.dylib
0x00000000080f3000 	/usr/lib/system/libsystem_pthread.dylib
0x00000000080f3000 	/usr/lib/system/libsystem_sandbox.dylib
0x00000000080f3000 	/usr/lib/system/libsystem_secinit.dylib
0x00000000080f3000 	/usr/lib/system/libsystem_stats.dylib
0x00000000080f3000 	/usr/lib/system/libsystem_trace.dylib
0x00000000080f3000 	/usr/lib/system/libunc.dylib
0x00000000080f3000 	/usr/lib/system/libunwind.dylib
0x00000000080f3000 	/usr/lib/system/libxpc.dylib
0x00000000080f3000 	/usr/lib/libbz2.1.0.dylib
0x00000000080f3000 	/usr/lib/liblzma.5.dylib
0x00000000080f3000 	/usr/lib/libbsm.0.dylib
0x00000000080f3000 	/usr/lib/libsqlite3.dylib
0x00000000080f3000 	/usr/lib/system/libkxld.dylib
0x00000000080f3000 	/usr/lib/libxar.1.dylib
0x00000000080f3000 	/usr/lib/libpam.2.dylib
0x00000000080f3000 	/usr/lib/libOpenScriptingUtil.dylib
0x00000000080f3000 	/System/Library/Frameworks/CoreServices.framework/Versions/A/Frameworks/FSEvents.framework/Versions/A/FSEvents
0x00000000080f3000 	/System/Library/Frameworks/CoreServices.framework/Versions/A/Frameworks/CarbonCore.framework/Versions/A/CarbonCore
0x00000000080f3000 	/System/Library/Frameworks/CoreServices.framework/Versions/A/Frameworks/Metadata.framework/Versions/A/Metadata
0x00000000080f3000 	/System/Library/Frameworks/CoreServices.framework/Versions/A/Frameworks/OSServices.framework/Versions/A/OSServices
0x00000000080f3000 	/System/Library/Frameworks/CoreServices.framework/Versions/A/Frameworks/SearchKit.framework/Versions/A/SearchKit
0x00000000080f3000 	/System/Library/Frameworks/CoreServices.framework/Versions/A/Frameworks/AE.framework/Versions/A/AE
0x00000000080f3000 	/System/Library/Frameworks/CoreServices.framework/Versions/A/Frameworks/LaunchServices.framework/Versions/A/LaunchServices
0x00000000080f3000 	/System/Library/Frameworks/CoreServices.framework/Versions/A/Frameworks/DictionaryServices.framework/Versions/A/DictionaryServices
0x00000000080f3000 	/System/Library/Frameworks/NetFS.framework/Versions/A/NetFS
0x00000000080f3000 	/System/Library/PrivateFrameworks/NetAuth.framework/Versions/A/NetAuth
0x00000000080f3000 	/System/Library/PrivateFrameworks/login.framework/Versions/A/Frameworks/loginsupport.framework/Versions/A/loginsupport
0x00000000080f3000 	/System/Library/PrivateFrameworks/TCC.framework/Versions/A/TCC
0x00000000080f3000 	/usr/lib/libmecabra.dylib
0x00000000080f3000 	/System/Library/Frameworks/ApplicationServices.framework/Versions/A/Frameworks/ATS.framework/Versions/A/ATS
0x00000000080f3000 	/System/Library/Frameworks/ApplicationServices.framework/Versions/A/Frameworks/ColorSync.framework/Versions/A/ColorSync
0x00000000080f3000 	/System/Library/Frameworks/ApplicationServices.framework/Versions/A/Frameworks/HIServices.framework/Versions/A/HIServices
0x00000000080f3000 	/System/Library/Frameworks/ApplicationServices.framework/Versions/A/Frameworks/LangAnalysis.framework/Versions/A/LangAnalysis
0x00000000080f3000 	/System/Library/Frameworks/ApplicationServices.framework/Versions/A/Frameworks/PrintCore.framework/Versions/A/PrintCore
0x00000000080f3000 	/System/Library/Frameworks/ApplicationServices.framework/Versions/A/Frameworks/QD.framework/Versions/A/QD
0x00000000080f3000 	/System/Library/Frameworks/ApplicationServices.framework/Versions/A/Frameworks/SpeechSynthesis.framework/Versions/A/SpeechSynthesis
0x00000000080f3000 	/System/Library/Frameworks/Accelerate.framework/Versions/A/Accelerate
0x00000000080f3000 	/System/Library/Frameworks/Accelerate.framework/Versions/A/Frameworks/vImage.framework/Versions/A/vImage
0x00000000080f3000 	/System/Library/Frameworks/Accelerate.framework/Versions/A/Frameworks/vecLib.framework/Versions/A/vecLib
0x00000000080f3000 	/System/Library/Frameworks/Accelerate.framework/Versions/A/Frameworks/vecLib.framework/Versions/A/libvDSP.dylib
0x00000000080f3000 	/System/Library/Frameworks/Accelerate.framework/Versions/A/Frameworks/vecLib.framework/Versions/A/libvMisc.dylib
0x00000000080f3000 	/System/Library/Frameworks/Accelerate.framework/Versions/A/Frameworks/vecLib.framework/Versions/A/libLAPACK.dylib
0x00000000080f3000 	/System/Library/Frameworks/Accelerate.framework/Versions/A/Frameworks/vecLib.framework/Versions/A/libBLAS.dylib
0x00000000080f3000 	/System/Library/Frameworks/Accelerate.framework/Versions/A/Frameworks/vecLib.framework/Versions/A/libLinearAlgebra.dylib
0x00000000080f3000 	/System/Library/Frameworks/ApplicationServices.framework/Versions/A/Frameworks/ATS.framework/Versions/A/Resources/libFontParser.dylib
0x00000000080f3000 	/System/Library/Frameworks/ApplicationServices.framework/Versions/A/Frameworks/ATS.framework/Versions/A/Resources/libFontRegistry.dylib
0x00000000080f3000 	/System/Library/PrivateFrameworks/AppleVPA.framework/Versions/A/AppleVPA
0x00000000080f3000 	/System/Library/PrivateFrameworks/AppleJPEG.framework/Versions/A/AppleJPEG
0x00000000080f3000 	/System/Library/Frameworks/ImageIO.framework/Versions/A/Resources/libJPEG.dylib
0x00000000080f3000 	/System/Library/Frameworks/ImageIO.framework/Versions/A/Resources/libTIFF.dylib
0x00000000080f3000 	/System/Library/Frameworks/ImageIO.framework/Versions/A/Resources/libPng.dylib
0x00000000080f3000 	/System/Library/Frameworks/ImageIO.framework/Versions/A/Resources/libGIF.dylib
0x00000000080f3000 	/System/Library/Frameworks/ImageIO.framework/Versions/A/Resources/libJP2.dylib
0x00000000080f3000 	/System/Library/Frameworks/ImageIO.framework/Versions/A/Resources/libRadiance.dylib
0x00000000080f3000 	/System/Library/Frameworks/CoreVideo.framework/Versions/A/CoreVideo
0x00000000080f3000 	/System/Library/Frameworks/OpenGL.framework/Versions/A/Libraries/libGLU.dylib
0x00000000080f3000 	/System/Library/Frameworks/OpenGL.framework/Versions/A/Libraries/libGFXShared.dylib
0x00000000080f3000 	/System/Library/Frameworks/OpenGL.framework/Versions/A/Libraries/libGL.dylib
0x00000000080f3000 	/System/Library/Frameworks/OpenGL.framework/Versions/A/Libraries/libGLImage.dylib
0x00000000080f3000 	/System/Library/Frameworks/OpenGL.framework/Versions/A/Libraries/libCVMSPluginSupport.dylib
0x00000000080f3000 	/System/Library/Frameworks/OpenGL.framework/Versions/A/Libraries/libCoreVMClient.dylib
0x00000000080f3000 	/usr/lib/libcups.2.dylib
0x00000000080f3000 	/System/Library/Frameworks/Kerberos.framework/Versions/A/Kerberos
0x00000000080f3000 	/System/Library/Frameworks/GSS.framework/Versions/A/GSS
0x00000000080f3000 	/usr/lib/libresolv.9.dylib
0x00000000080f3000 	/usr/lib/libiconv.2.dylib
0x00000000080f3000 	/System/Library/PrivateFrameworks/Heimdal.framework/Versions/A/Heimdal
0x00000000080f3000 	/usr/lib/libheimdal-asn1.dylib
0x00000000080f3000 	/System/Library/Frameworks/OpenDirectory.framework/Versions/A/OpenDirectory
0x00000000080f3000 	/System/Library/PrivateFrameworks/CommonAuth.framework/Versions/A/CommonAuth
0x00000000080f3000 	/System/Library/Frameworks/OpenDirectory.framework/Versions/A/Frameworks/CFOpenDirectory.framework/Versions/A/CFOpenDirectory
0x00000000080f3000 	/System/Library/Frameworks/SecurityFoundation.framework/Versions/A/SecurityFoundation
0x00000000080f3000 	/System/Library/PrivateFrameworks/LanguageModeling.framework/Versions/A/LanguageModeling
0x00000000080f3000 	/usr/lib/libcmph.dylib
0x00000000080f3000 	/System/Library/Frameworks/ServiceManagement.framework/Versions/A/ServiceManagement
0x00000000080f3000 	/usr/lib/libxslt.1.dylib
0x00000000080f3000 	/System/Library/Frameworks/Carbon.framework/Versions/A/Frameworks/Ink.framework/Versions/A/Ink
0x00000000080f3000 	/System/Library/Frameworks/QuartzCore.framework/Versions/A/Frameworks/CoreImage.framework/Versions/A/CoreImage
0x00000000080f3000 	/System/Library/PrivateFrameworks/CrashReporterSupport.framework/Versions/A/CrashReporterSupport
0x00000000080f3000 	/System/Library/Frameworks/OpenCL.framework/Versions/A/OpenCL
0x00000000080f3000 	/System/Library/PrivateFrameworks/FaceCore.framework/Versions/A/FaceCore
0x00000000080f3000 	/System/Library/PrivateFrameworks/Ubiquity.framework/Versions/A/Ubiquity
0x00000000080f3000 	/System/Library/PrivateFrameworks/IconServices.framework/Versions/A/IconServices
0x00000000080f3000 	/System/Library/PrivateFrameworks/ChunkingLibrary.framework/Versions/A/ChunkingLibrary
0x00000000080f3000 	/System/Library/PrivateFrameworks/Apple80211.framework/Versions/A/Apple80211
0x00000000080f3000 	/System/Library/Frameworks/CoreWLAN.framework/Versions/A/CoreWLAN
0x00000000080f3000 	/System/Library/Frameworks/IOBluetooth.framework/Versions/A/IOBluetooth
0x00000000080f3000 	/System/Library/PrivateFrameworks/CoreWiFi.framework/Versions/A/CoreWiFi
0x00000000080f3000 	/System/Library/Frameworks/CoreBluetooth.framework/Versions/A/CoreBluetooth
0x00000000080f3000 	/System/Library/PrivateFrameworks/DebugSymbols.framework/Versions/A/DebugSymbols
0x00000000080f3000 	/System/Library/PrivateFrameworks/CoreSymbolication.framework/Versions/A/CoreSymbolication
0x00000000080f3000 	/System/Library/PrivateFrameworks/Symbolication.framework/Versions/A/Symbolication
0x00000000080f3000 	/System/Library/PrivateFrameworks/SpeechRecognitionCore.framework/Versions/A/SpeechRecognitionCore
0x000000010d3db000 	/Library/Java/JavaVirtualMachines/jdk1.8.0_65.jdk/Contents/Home/jre/lib/server/libjvm.dylib
0x00000000080f3000 	/usr/lib/libstdc++.6.dylib
0x000000010e37b000 	/Library/Java/JavaVirtualMachines/jdk1.8.0_65.jdk/Contents/Home/jre/lib/libverify.dylib
0x000000010e389000 	/Library/Java/JavaVirtualMachines/jdk1.8.0_65.jdk/Contents/Home/jre/lib/libjava.dylib
0x000000010e3c8000 	/Library/Java/JavaVirtualMachines/jdk1.8.0_65.jdk/Contents/Home/jre/lib/libzip.dylib
0x0000000121532000 	/System/Library/Frameworks/JavaVM.framework/Frameworks/JavaRuntimeSupport.framework/JavaRuntimeSupport
0x000000012154a000 	/System/Library/Frameworks/JavaVM.framework/Versions/A/Frameworks/JavaNativeFoundation.framework/Versions/A/JavaNativeFoundation
0x000000012155f000 	/System/Library/Frameworks/JavaVM.framework/Versions/A/JavaVM
0x00000000080f3000 	/System/Library/Frameworks/Carbon.framework/Versions/A/Carbon
0x000000012156c000 	/System/Library/PrivateFrameworks/JavaLaunching.framework/Versions/A/JavaLaunching
0x00000000080f3000 	/System/Library/Frameworks/Carbon.framework/Versions/A/Frameworks/CommonPanels.framework/Versions/A/CommonPanels
0x00000000080f3000 	/System/Library/Frameworks/Carbon.framework/Versions/A/Frameworks/Help.framework/Versions/A/Help
0x00000000080f3000 	/System/Library/Frameworks/Carbon.framework/Versions/A/Frameworks/ImageCapture.framework/Versions/A/ImageCapture
0x00000000080f3000 	/System/Library/Frameworks/Carbon.framework/Versions/A/Frameworks/OpenScripting.framework/Versions/A/OpenScripting
0x00000000080f3000 	/System/Library/Frameworks/Carbon.framework/Versions/A/Frameworks/Print.framework/Versions/A/Print
0x00000000080f3000 	/System/Library/Frameworks/Carbon.framework/Versions/A/Frameworks/SecurityHI.framework/Versions/A/SecurityHI
0x00000001236b0000 	/Library/Java/JavaVirtualMachines/jdk1.8.0_65.jdk/Contents/Home/jre/lib/libnet.dylib
0x000000012372e000 	/Library/Java/JavaVirtualMachines/jdk1.8.0_65.jdk/Contents/Home/jre/lib/libawt.dylib
0x00000001237d6000 	/Library/Java/JavaVirtualMachines/jdk1.8.0_65.jdk/Contents/Home/jre/lib/./libmlib_image.dylib
0x00000001238a2000 	/Library/Java/JavaVirtualMachines/jdk1.8.0_65.jdk/Contents/Home/jre/lib/libawt_lwawt.dylib
0x0000000123957000 	/Library/Java/JavaVirtualMachines/jdk1.8.0_65.jdk/Contents/Home/jre/lib/./libosxapp.dylib
0x00000000080f3000 	/System/Library/Frameworks/ExceptionHandling.framework/Versions/A/ExceptionHandling
0x00000000080f3000 	/System/Library/PrivateFrameworks/CoreServicesInternal.framework/Versions/A/CoreServicesInternal
0x00000000080f3000 	/System/Library/PrivateFrameworks/CloudDocs.framework/Versions/A/CloudDocs
0x00000000080f3000 	/System/Library/PrivateFrameworks/CoreDuet.framework/Versions/A/CoreDuet
0x00000000080f3000 	/System/Library/Frameworks/CloudKit.framework/Versions/A/CloudKit
0x00000000080f3000 	/System/Library/PrivateFrameworks/ProtocolBuffer.framework/Versions/A/ProtocolBuffer
0x00000000080f3000 	/System/Library/PrivateFrameworks/CoreDuetDaemonProtocol.framework/Versions/A/CoreDuetDaemonProtocol
0x00000000080f3000 	/System/Library/PrivateFrameworks/CoreDuetDebugLogging.framework/Versions/A/CoreDuetDebugLogging
0x00000000080f3000 	/System/Library/PrivateFrameworks/MMCS.framework/Versions/A/MMCS
0x00000000080f3000 	/System/Library/Frameworks/CoreLocation.framework/Versions/A/CoreLocation
0x00000000080f3000 	/System/Library/PrivateFrameworks/ProtectedCloudStorage.framework/Versions/A/ProtectedCloudStorage
0x00000000080f3000 	/System/Library/PrivateFrameworks/GeoServices.framework/Versions/A/GeoServices
0x00000001251d2000 	/System/Library/Frameworks/CoreGraphics.framework/Versions/A/Resources/libCGCMS.A.dylib
0x0000000125cb5000 	/System/Library/Frameworks/CoreGraphics.framework/Versions/A/Resources/libRIP.A.dylib
0x0000000125f2c000 	/System/Library/Frameworks/CoreGraphics.framework/Versions/A/Resources/libCGXType.A.dylib
0x00000000080f3000 	/System/Library/Frameworks/OpenCL.framework/Versions/A/Libraries/libcldcpuengine.dylib
0x00000000080f3000 	/System/Library/PrivateFrameworks/DiskImages.framework/Versions/A/DiskImages
0x00000000080f3000 	/System/Library/Frameworks/DiscRecording.framework/Versions/A/DiscRecording
0x00000000080f3000 	/usr/lib/libcsfde.dylib
0x00000000080f3000 	/usr/lib/libcurl.4.dylib
0x00000000080f3000 	/System/Library/PrivateFrameworks/MediaKit.framework/Versions/A/MediaKit
0x00000000080f3000 	/usr/lib/libCoreStorage.dylib
0x00000000080f3000 	/System/Library/PrivateFrameworks/EFILogin.framework/Versions/A/EFILogin
0x00000000080f3000 	/usr/lib/libutil.dylib
0x00000000080f3000 	/System/Library/PrivateFrameworks/FindMyDevice.framework/Versions/A/FindMyDevice
0x00000000080f3000 	/System/Library/Frameworks/LDAP.framework/Versions/A/LDAP
0x00000000080f3000 	/usr/lib/libsasl2.2.dylib
0x00000000080f3000 	/System/Library/PrivateFrameworks/CoreDaemon.framework/Versions/B/CoreDaemon
0x00000000080f3000 	/usr/lib/libcrypto.0.9.8.dylib
0x00000000080f3000 	/System/Library/PrivateFrameworks/AppleSRP.framework/Versions/A/AppleSRP
0x00000000080f3000 	/System/Library/PrivateFrameworks/TrustEvaluationAgent.framework/Versions/A/TrustEvaluationAgent
0x000000012699c000 	cl_kernels
0x000000012699e000 	/System/Library/Frameworks/OpenCL.framework/Versions/A/Libraries/ImageFormats/unorm8_bgra.dylib
0x000000012698d000 	cl_kernels
0x00000000080f3000 	/System/Library/PrivateFrameworks/FamilyControls.framework/Versions/A/FamilyControls
0x00000000080f3000 	/System/Library/PrivateFrameworks/CommerceKit.framework/Versions/A/Frameworks/CommerceCore.framework/Versions/A/CommerceCore
0x00000000080f3000 	/System/Library/PrivateFrameworks/SystemAdministration.framework/Versions/A/SystemAdministration
0x00000000080f3000 	/System/Library/PrivateFrameworks/AppContainer.framework/Versions/A/AppContainer
0x00000000080f3000 	/System/Library/PrivateFrameworks/SecCodeWrapper.framework/Versions/A/SecCodeWrapper
0x00000000080f3000 	/System/Library/Frameworks/DirectoryService.framework/Versions/A/DirectoryService
0x00000000080f3000 	/System/Library/PrivateFrameworks/LoginUIKit.framework/Versions/A/Frameworks/LoginUICore.framework/Versions/A/LoginUICore
0x00000000080f3000 	/usr/lib/libodfde.dylib
0x0000000127b63000 	/Library/Java/JavaVirtualMachines/jdk1.8.0_65.jdk/Contents/Home/jre/lib/libfontmanager.dylib
0x0000000127bca000 	/Users/Pispa/Documents/SocketController_Server-master/ComputationSocketServer/lib/native/macosx/liblwjgl.jnilib
0x0000000125ec6000 	/Library/Java/JavaVirtualMachines/jdk1.8.0_65.jdk/Contents/Home/jre/lib/libjawt.dylib
0x00000000080f3000 	/System/Library/Frameworks/OpenGL.framework/Versions/A/Resources/GLEngine.bundle/GLEngine
0x00000000080f3000 	/System/Library/Frameworks/OpenGL.framework/Versions/A/Libraries/libGLProgrammability.dylib
0x0000000127c49000 	/System/Library/Extensions/AppleIntelHD3000GraphicsGLDriver.bundle/Contents/MacOS/AppleIntelHD3000GraphicsGLDriver
0x0000000125ec9000 	/System/Library/PrivateFrameworks/GPUSupport.framework/Versions/A/Libraries/libGPUSupport.dylib
0x00000000080f3000 	/System/Library/Frameworks/OpenGL.framework/Versions/A/Resources/GLRendererFloat.bundle/GLRendererFloat
0x0000000128858000 	/Users/Pispa/Documents/SocketController_Server-master/ComputationSocketServer/lib/native/macosx/libjinput-osx.jnilib
0x000000012885d000 	/System/Library/Extensions/IOHIDFamily.kext/Contents/PlugIns/IOHIDLib.plugin/Contents/MacOS/IOHIDLib
0x000000012888b000 	/Users/Pispa/Documents/SocketController_Server-master/ComputationSocketServer/lib/native/macosx/openal.dylib
0x000000012890f000 	/System/Library/Components/CoreAudio.component/Contents/MacOS/CoreAudio
0x0000000128be8000 	/System/Library/Extensions/AppleHDA.kext/Contents/PlugIns/AppleHDAHALPlugIn.bundle/Contents/MacOS/AppleHDAHALPlugIn

VM Arguments:
jvm_args: -Djava.library.path=lib/native/macOSX -Dfile.encoding=UTF-8 
java_command: pt.novaims.server.application.ServerMain
java_class_path (initial): /Users/Pispa/Documents/SocketController_Server-master/ComputationSocketServer/bin:/Users/Pispa/Documents/SocketController_Server-master/ComputationSocketServer/lib/jar/slick.jar:/Users/Pispa/Documents/SocketController_Server-master/ComputationSocketServer/lib/jar/jinput.jar:/Users/Pispa/Documents/SocketController_Server-master/ComputationSocketServer/lib/jar/lwjgl_util.jar:/Users/Pispa/Documents/SocketController_Server-master/ComputationSocketServer/lib/jar/lwjgl.jar:/Users/Pispa/Documents/SocketController_Server-master/ComputationSocketServer/lib/jar/jogg-0.0.7.jar:/Users/Pispa/Documents/SocketController_Server-master/ComputationSocketServer/lib/jar/jorbis-0.0.15.jar
Launcher Type: SUN_STANDARD

Environment Variables:
PATH=/usr/bin:/bin:/usr/sbin:/sbin
SHELL=/bin/bash

Signal Handlers:
SIGSEGV: [libjvm.dylib+0x5a6d31], sa_mask[0]=11111111011111110111111111111111, sa_flags=SA_ONSTACK|SA_RESTART|SA_SIGINFO
SIGBUS: [libjvm.dylib+0x5a6d31], sa_mask[0]=11111111011111110111111111111111, sa_flags=SA_RESTART|SA_SIGINFO
SIGFPE: [libjvm.dylib+0x480a40], sa_mask[0]=11111111011111110111111111111111, sa_flags=SA_RESTART|SA_SIGINFO
SIGPIPE: [libjvm.dylib+0x480a40], sa_mask[0]=11111111011111110111111111111111, sa_flags=SA_RESTART|SA_SIGINFO
SIGXFSZ: [libjvm.dylib+0x480a40], sa_mask[0]=11111111011111110111111111111111, sa_flags=SA_RESTART|SA_SIGINFO
SIGILL: [libjvm.dylib+0x480a40], sa_mask[0]=11111111011111110111111111111111, sa_flags=SA_RESTART|SA_SIGINFO
SIGUSR1: SIG_DFL, sa_mask[0]=00000000000000000000000000000000, sa_flags=none
SIGUSR2: [libjvm.dylib+0x48055e], sa_mask[0]=00100000000000000000000000000000, sa_flags=SA_RESTART|SA_SIGINFO
SIGHUP: [libjvm.dylib+0x47eb35], sa_mask[0]=11111111011111110111111111111111, sa_flags=SA_RESTART|SA_SIGINFO
SIGINT: [libjvm.dylib+0x47eb35], sa_mask[0]=11111111011111110111111111111111, sa_flags=SA_RESTART|SA_SIGINFO
SIGTERM: [libjvm.dylib+0x47eb35], sa_mask[0]=11111111011111110111111111111111, sa_flags=SA_RESTART|SA_SIGINFO
SIGQUIT: [libjvm.dylib+0x47eb35], sa_mask[0]=11111111011111110111111111111111, sa_flags=SA_RESTART|SA_SIGINFO


---------------  S Y S T E M  ---------------

OS:Bsduname:Darwin 14.5.0 Darwin Kernel Version 14.5.0: Wed Jul 29 02:26:53 PDT 2015; root:xnu-2782.40.9~1/RELEASE_X86_64 x86_64
rlimit: STACK 8192k, CORE 0k, NPROC 266, NOFILE 10240, AS infinity
load average:2.43 2.82 2.98

CPU:total 4 (2 cores per cpu, 2 threads per core) family 6 model 42 stepping 7, cmov, cx8, fxsr, mmx, sse, sse2, sse3, ssse3, sse4.1, sse4.2, popcnt, avx, aes, clmul, ht, tsc, tscinvbit

Memory: 4k page, physical 2097152k(146036k free)

/proc/meminfo:


vm_info: Java HotSpot(TM) 64-Bit Server VM (25.65-b01) for bsd-amd64 JRE (1.8.0_65-b17), built on Oct  6 2015 15:36:46 by "java_re" with gcc 4.2.1 (Based on Apple Inc. build 5658) (LLVM build 2336.11.00)

time: Mon Nov  9 14:51:10 2015
elapsed time: 18 seconds (0d 0h 0m 18s)

