#
# A fatal error has been detected by the Java Runtime Environment:
#
#  SIGSEGV (0xb) at pc=0x0000000000000000, pid=15413, tid=68631
#
# JRE version: Java(TM) SE Runtime Environment (8.0_65-b17) (build 1.8.0_65-b17)
# Java VM: Java HotSpot(TM) 64-Bit Server VM (25.65-b01 mixed mode bsd-amd64 compressed oops)
# Problematic frame:
# C  0x0000000000000000
#
# Failed to write core dump. Core dumps have been disabled. To enable core dumping, try "ulimit -c unlimited" before starting Java again
#
# If you would like to submit a bug report, please visit:
#   http://bugreport.java.com/bugreport/crash.jsp
#

---------------  T H R E A D  ---------------

Current thread is native thread

siginfo: si_signo: 11 (SIGSEGV), si_code: 1 (SEGV_MAPERR), si_addr: 0x0000000000000000

Registers:
RAX=0x0000000180142508, RBX=0x00000000000161b0, RCX=0x0000000000000010, RDX=0xfffffffffffffff0
RSP=0x00000001804de9f8, RBP=0x00000001804deaa0, RSI=0x0000000000000000, RDI=0x00007fbae41f5a00
R8 =0x0000000000000200, R9 =0x00007fbae3eb41d0, R10=0x0000000180188908, R11=0x0000000000000020
R12=0x0000000000000200, R13=0x00007fbae41f5a00, R14=0x00007fbae3eb41b0, R15=0x0000000000000800
RIP=0x0000000000000000, EFLAGS=0x0000000000010246, ERR=0x0000000000000014
  TRAPNO=0x000000000000000e

Top of Stack: (sp=0x00000001804de9f8)
0x00000001804de9f8:   0000000180114639 0000000000000000
0x00000001804dea08:   0000000000000000 00007fbae41fdbb0
0x00000001804dea18:   0000000180a3f010 00007fbae41fbbb0
0x00000001804dea28:   0000020000000000 0000000000000000
0x00000001804dea38:   0000000000000800 0000000000000200
0x00000001804dea48:   00007fbae41f9bb0 00007fbae41f5a00
0x00000001804dea58:   0000020000000000 00007fbae3eb41b8
0x00000001804dea68:   000000000000037f 52009c6715d57110
0x00000001804dea78:   00007fbae3eb0368 0000000000000200
0x00000001804dea88:   00007fbae3eb02f0 00007fbae3eb41b0
0x00000001804dea98:   00007fbae3eb41d0 00000001804deab0
0x00000001804deaa8:   00000001801242ef 00000001804deb20
0x00000001804deab8:   00000001801858f5 0000000000000000
0x00000001804deac8:   00007fbae4a00ff8 00007fbae3eb0368
0x00000001804dead8:   00007fbae4a00e00 00000001804dec80
0x00000001804deae8:   00000001804dec78 0000020000000000
0x00000001804deaf8:   00000001804dec78 00007fbae4a00e00
0x00000001804deb08:   00007fbae3eb01b0 00007fbae3f996f0
0x00000001804deb18:   0000000000000200 00000001804deb70
0x00000001804deb28:   0000000180182f1e 00000001804deba4
0x00000001804deb38:   00000001804dec80 00000000e4a01034
0x00000001804deb48:   00000001804dec78 00007fbae4a00e00
0x00000001804deb58:   00007fbae3f996f0 0000000000000200
0x00000001804deb68:   00007fbae3f996f0 00000001804debe0
0x00000001804deb78:   000000018018160d 00007fbae3f996f0
0x00000001804deb88:   00007fbae3eb01b0 00000001804dec78
0x00000001804deb98:   00001fa0e4a00e00 00000001804dec80
0x00000001804deba8:   0000000000000000 00009fe000000000
0x00000001804debb8:   00007fbae3f996f0 00007fbae3fba1a0
0x00000001804debc8:   00007fbae4a00e00 00007fbae4a010e8
0x00000001804debd8:   00007fbae3f996f0 00000001804decf0
0x00000001804debe8:   0000000180189131 ffffffffffffffff 

Instructions: (pc=0x0000000000000000)
0xffffffffffffffe0:   

Register to memory mapping:

RAX=